accountsservice
acl
acpid
adduser
apache2
apache2-utils
apparmor
apport
apport-symptoms
apt
apt-file
apt-rdepends
apt-transport-https
apt-utils
at
auth-client-config
base-files
base-passwd
bash
bash-completion
bc
bcache-tools
bind9-host
bsdmainutils
bsdutils
btrfs-tools
busybox-initramfs
busybox-static
byobu
bzip2
ca-certificates
cloud-guest-utils
cloud-initramfs-copymods
cloud-initramfs-dyn-netconf
command-not-found
command-not-found-data
console-setup
console-setup-linux
coreutils
cpanminus
cpio
cron
cryptsetup
cryptsetup-bin
curl
dash
dbus
debconf
debconf-i18n
debianutils
dh-python
dialog
diffutils
distro-info-data
dmeventd
dmsetup
dns-root-data
dnsmasq-base
dnsutils
docker-ce
dos2unix
dosfstools
dpkg
e2fslibs
e2fsprogs
ed
eject
elasticsearch
ethtool
expat
file
findutils
fonts-ubuntu-font-family-console
friendly-recovery
ftp
fuse
gawk
gcc
gcc-5-base
gcc-6-base
geoip-database
gettext-base
git
git-man
gnupg
gpgv
grep
groff
groff-base
grub-common
grub-legacy-ec2
grub-pc
gzip
hdparm
hostname
htop
ifenslave
ifupdown
info
init
init-system-helpers
initramfs-tools
initramfs-tools-bin
initramfs-tools-core
install-info
installation-report
iproute2
iptables
iputils-ping
iputils-tracepath
irqbalance
isc-dhcp-client
isc-dhcp-common
jq
kbd
keyboard-configuration
klibc-utils
kmod
krb5-config
krb5-doc
krb5-locales
krb5-user
language-selector-common
ldap-utils
less
libacl1
libalgorithm-c3-perl
libapache2-mod-authnz-external
libapache2-mod-rpaf
libapparmor-perl
libapparmor1
libapt-inst2.0
libapt-pkg5.0
libarchive-zip-perl
libatm1
libattr1
libaudit-common
libaudit1
libauthen-krb5-simple-perl
libauthen-sasl-perl
libb-hooks-endofscope-perl
libb-keywords-perl
libbit-vector-perl
libblkid1
libbsd0
libbz2-1.0
libc-bin
libc6
libcache-perl
libcairo-perl
libcairo2-dev
libcap2
libcap2-bin
libcarp-assert-more-perl
libcarp-assert-perl
libcarp-clan-perl
libcgi-emulate-psgi-perl
libcgi-simple-perl
libclass-accessor-perl
libclass-c3-adopt-next-perl
libclass-c3-perl
libclass-c3-xs-perl
libclass-data-inheritable-perl
libclass-errorhandler-perl
libclass-factory-util-perl
libclass-inspector-perl
libclass-singleton-perl
libclone-perl
libclone-pp-perl
libcomerr2
libcompress-bzip2-perl
libconfig-tiny-perl
libcurses-perl
libdata-dump-perl
libdata-optlist-perl
libdate-manip-perl
libdatetime-format-builder-perl
libdatetime-format-mysql-perl
libdatetime-format-pg-perl
libdatetime-format-strptime-perl
libdatetime-locale-perl
libdatetime-perl
libdatetime-timezone-perl
libdb-dev
libdb5.3
libdbd-mysql-perl
libdbd-pg-perl
libdbi-perl
libdebconfclient0
libdevel-globaldestruction-perl
libdevel-stacktrace-perl
libdevel-symdump-perl
libdevmapper-event1.02.1
libdevmapper1.02.1
libdumbnet1
liberror-perl
libestr0
libexception-class-perl
libexpat1
libexpat1-dev
libextutils-autoinstall-perl
libfcgi-perl
libfdisk1
libffi6
libfile-copy-recursive-perl
libfile-homedir-perl
libfile-libmagic-perl
libfile-modified-perl
libfile-nfslock-perl
libfile-remove-perl
libfile-searchpath-perl
libfile-slurp-perl
libfile-which-perl
libfont-afm-perl
libfreezethaw-perl
libfribidi0
libgcc1
libgcrypt20
libgeoip-dev
libglib-perl
libglib2.0-data
libglib2.0-dev
libgmp10
libgmp3-dev
libgnome2-canvas-perl
libgnome2-perl
libgnome2-vfs-perl
libgnutls-openssl27
libgnutls30
libgpg-error0
libgpm2
libgssapi-krb5-2
libgtk2-perl
libheap-perl
libhogweed4
libhtml-clean-perl
libhtml-format-perl
libhtml-parser-perl
libhtml-tagset-perl
libhtml-template-perl
libhtml-tree-perl
libhttp-body-perl
libhttp-request-ascgi-perl
libhttp-response-encoding-perl
libhttp-server-simple-perl
libidn11
libidn11-dev
libimlib2
libimlib2-dev
libio-socket-ssl-perl
libio-string-perl
libio-stringy-perl
libjson-perl
libjson-xs-perl
libk5crypto3
libkeyutils1
libklibc
libkmod2
libkrb5-3
libkrb5-dev
libkrb5support0
liblingua-stem-snowball-perl
liblist-moreutils-perl
liblocale-gettext-perl
liblog-log4perl-perl
liblvm2app2.2
liblvm2cmd2.02
liblwp-authen-wsse-perl
liblxc1
liblz4-1
liblzma5
liblzo2-2
libmagic-dev
libmagic-ocaml-dev
libmagic1
libmagick++-6-headers
libmagick++-6.q16-dev
libmagick++-dev
libmagickcore-6-headers
libmagickcore-6.q16-dev
libmagickcore-dev
libmagickwand-6-headers
libmagickwand-6.q16-dev
libmagickwand-dev
libmagics++-dev
libmagics++-metview-dev
libmailtools-perl
libmaxminddb-dev
libmaxminddb0
libmime-types-perl
libmldbm-perl
libmnl0
libmodule-corelist-perl
libmodule-install-perl
libmodule-scandeps-perl
libmount1
libmpdec2
libmro-compat-perl
libmspack0
libnamespace-autoclean-perl
libnamespace-clean-perl
libncurses5
libncurses5-dev
libncursesw5
libnet-daemon-perl
libnet-dbus-perl
libnet-jabber-perl
libnet-libidn-perl
libnet-ssleay-perl
libnet-xmpp-perl
libnetfilter-conntrack3
libnettle6
libnewt0.52
libnih1
libp11-kit0
libpam-ccreds
libpam-cracklib
libpam-krb5
libpam-modules
libpam-modules-bin
libpam-runtime
libpam-systemd
libpam0g
libpango-perl
libpar-dist-perl
libparams-util-perl
libparams-validate-perl
libparse-debianchangelog-perl
libpath-class-perl
libpcre3
libperl-critic-perl
libplack-perl
libpng12-0
libpod-coverage-perl
libpod-spell-perl
libpolkit-agent-1-0
libpolkit-backend-1-0
libpopt0
libppi-perl
libpython3-stdlib
libreadline5
libreadonly-perl
libreadonly-xs-perl
librose-datetime-perl
librose-db-object-perl
librose-db-perl
librose-object-perl
librpc-xml-perl
libsasl2-modules
libscope-guard-perl
libscope-upper-perl
libseccomp2
libselinux1
libsemanage-common
libsemanage1
libsepol1
libsigsegv2
libslang2
libsmartcols1
libsphinx-search-perl
libsql-reservedwords-perl
libsqlite3-0
libss2
libssl-dev
libssl1.0.0
libstdc++6
libstring-format-perl
libstring-rewriteprefix-perl
libsub-exporter-perl
libsub-install-perl
libsub-name-perl
libsub-uplevel-perl
libsystemd0
libtask-weaken-perl
libtasn1-6
libterm-readkey-perl
libtest-exception-perl
libtest-longstring-perl
libtest-mockobject-perl
libtest-perl-critic-perl
libtest-pod-coverage-perl
libtest-pod-perl
libtest-www-mechanize-perl
libtext-charwidth-perl
libtext-iconv-perl
libtext-simpletable-perl
libtext-wrapi18n-perl
libtie-ixhash-perl
libtime-clock-perl
libtimedate-perl
libtinfo5
libtree-simple-perl
libtree-simple-visitorfactory-perl
libudev1
libuniversal-can-perl
libuniversal-isa-perl
liburi-fetch-perl
liburi-perl
libusb-0.1-4
libustr-1.0-1
libutempter0
libuuid-perl
libuuid1
libvariable-magic-perl
libwrap0
libwww-mechanize-perl
libwww-perl
libx11-data
libxml-atom-perl
libxml-dom-perl
libxml-libxml-perl
libxml-libxslt-perl
libxml-namespacesupport-perl
libxml-parser-perl
libxml-perl
libxml-regexp-perl
libxml-sax-expat-perl
libxml-sax-perl
libxml-stream-perl
libxml-twig-perl
libxml-xpath-perl
libxml-xslt-perl
libxml2
libxslt1-dev
libyaml-perl
libyaml-syck-perl
libyaml-tiny-perl
linux-base
linux-generic
linux-headers-generic
locales
login
logrotate
logwatch
lsb-base
lsb-release
lshw
lsof
ltrace
lvm2
lxcfs
lxd
lxd-client
lynx
mailutils
mailutils-doc
make
makedev
man-db
manpages
mawk
mdadm
mime-support
mlocate
mmdb-bin
modsnlauth
mongodb-org
motd-news-config
mount
mtr-tiny
multiarch-support
nano
ncurses-base
ncurses-bin
ncurses-term
net-tools
netbase
netcat-openbsd
nodejs
ntfs-3g
ntp
ntp-doc
open-iscsi
open-vm-tools
openjdk-8-jdk
openssh-client
openssh-server
openssh-sftp-server
openssl
overlayroot
parted
passwd
pastebinit
patch
pciutils
perl
perl-base
perl-doc
perl-modules-5.26
perlmagick
perltidy
plymouth
plymouth-theme-ubuntu-text
policykit-1
popularity-contest
postfix
postfix-doc
powermgmt-base
procps
psmisc
python-apt-common
python3
python3-apport
python3-apt
python3-chardet
python3-commandnotfound
python3-dbus
python3-debian
python3-distupgrade
python3-gdbm
python3-gi
python3-minimal
python3-newt
python3-pkg-resources
python3-problem-report
python3-pycurl
python3-requests
python3-six
python3-software-properties
python3-systemd
python3-update-manager
python3-urllib3
readline-common
rename
resolvconf
rsync
rsyslog
run-one
screen
sed
sensible-utils
sgml-base
shared-mime-info
snapd
snlauthd
software-properties-common
sosreport
squashfs-tools
ssh-import-id
strace
sudo
sysstat
systemd
systemd-sysv
sysvinit-utils
tar
tasksel
tcpd
tcpdump
telnet
time
tmux
tzdata
ubuntu-cloudimage-keyring
ubuntu-keyring
ubuntu-minimal
ubuntu-release-upgrader-core
ubuntu-standard
ucf
udev
ufw
uidmap
unattended-upgrades
unzip
update-manager-core
update-notifier-common
ureadahead
usbutils
util-linux
uuid-dev
vim
vim-common
vim-runtime
vim-tiny
vlan
wget
whiptail
xauth
xdg-user-dirs
xfsprogs
xkb-data
xml-core
xz-utils
zerofree
zlib1g
